============================================================
Masking Check Log
============================================================
Token (解碼後)                    | Label ID
------------------------------------------------------------
'<|im_start|>'                 | -100  (不計算 Loss)
'system'                       | -100  (不計算 Loss)
'\n'                           | -100  (不計算 Loss)
'You'                          | -100  (不計算 Loss)
' are'                         | -100  (不計算 Loss)
' a'                           | -100  (不計算 Loss)
' helpful'                     | -100  (不計算 Loss)
' assistant'                   | -100  (不計算 Loss)
'.'                            | -100  (不計算 Loss)
'<|im_end|>'                   | -100  (不計算 Loss)
'\n'                           | -100  (不計算 Loss)
'<|im_start|>'                 | -100  (不計算 Loss)
'user'                         | -100  (不計算 Loss)
'\n'                           | -100  (不計算 Loss)
'###'                          | -100  (不計算 Loss)
' Instruction'                 | -100  (不計算 Loss)
':\n'                          | -100  (不計算 Loss)
'Is'                           | -100  (不計算 Loss)
' Python'                      | -100  (不計算 Loss)
' or'                          | -100  (不計算 Loss)
' Java'                        | -100  (不計算 Loss)
' a'                           | -100  (不計算 Loss)
' better'                      | -100  (不計算 Loss)
' programming'                 | -100  (不計算 Loss)
' language'                    | -100  (不計算 Loss)
'?'                            | -100  (不計算 Loss)
'<|im_end|>'                   | -100  (不計算 Loss)
'\n'                           | -100  (不計算 Loss)
'<|im_start|>'                 | -100  (不計算 Loss)
'assistant'                    | -100  (不計算 Loss)
'\n'                           | -100  (不計算 Loss)
'The'                          | 785   <--- 模型學習預測目標
' choice'                      | 5754  <--- 模型學習預測目標
' between'                     | 1948  <--- 模型學習預測目標
' Python'                      | 13027 <--- 模型學習預測目標
' and'                         | 323   <--- 模型學習預測目標
' Java'                        | 7943  <--- 模型學習預測目標
' depends'                     | 13798 <--- 模型學習預測目標
' on'                          | 389   <--- 模型學習預測目標
' the'                         | 279   <--- 模型學習預測目標
' user'                        | 1196  <--- 模型學習預測目標
"'s"                           | 594   <--- 模型學習預測目標
' goals'                       | 8845  <--- 模型學習預測目標
' and'                         | 323   <--- 模型學習預測目標
' the'                         | 279   <--- 模型學習預測目標
' specific'                    | 3151  <--- 模型學習預測目標
' use'                         | 990   <--- 模型學習預測目標
' case'                        | 1142  <--- 模型學習預測目標
'.'                            | 13    <--- 模型學習預測目標
' Java'                        | 7943  <--- 模型學習預測目標
' is'                          | 374   <--- 模型學習預測目標
' generally'                   | 8789  <--- 模型學習預測目標
' faster'                      | 10596 <--- 模型學習預測目標
' and'                         | 323   <--- 模型學習預測目標
' more'                        | 803   <--- 模型學習預測目標
' efficient'                   | 11050 <--- 模型學習預測目標
' due'                         | 4152  <--- 模型學習預測目標
' to'                          | 311   <--- 模型學習預測目標
' being'                       | 1660  <--- 模型學習預測目標
' a'                           | 264   <--- 模型學習預測目標
' compiled'                    | 19697 <--- 模型學習預測目標
' language'                    | 4128  <--- 模型學習預測目標
','                            | 11    <--- 模型學習預測目標
' fully'                       | 7225  <--- 模型學習預測目標
' supports'                    | 11554 <--- 模型學習預測目標
' mult'                        | 2745  <--- 模型學習預測目標
'ith'                          | 410   <--- 模型學習預測目標
'reading'                      | 6154  <--- 模型學習預測目標
','                            | 11    <--- 模型學習預測目標
' and'                         | 323   <--- 模型學習預測目標
' is'                          | 374   <--- 模型學習預測目標
' suitable'                    | 14452 <--- 模型學習預測目標
' for'                         | 369   <--- 模型學習預測目標
' CPU'                         | 13940 <--- 模型學習預測目標
'-bound'                       | 49862 <--- 模型學習預測目標
' tasks'                       | 9079  <--- 模型學習預測目標
'.'                            | 13    <--- 模型學習預測目標
' Python'                      | 13027 <--- 模型學習預測目標
' is'                          | 374   <--- 模型學習預測目標
' simpler'                     | 34288 <--- 模型學習預測目標
' with'                        | 448   <--- 模型學習預測目標
' more'                        | 803   <--- 模型學習預測目標
' concise'                     | 63594 <--- 模型學習預測目標
' syntax'                      | 19482 <--- 模型學習預測目標
','                            | 11    <--- 模型學習預測目標
' offers'                      | 6081  <--- 模型學習預測目標
' extensive'                   | 16376 <--- 模型學習預測目標
' libraries'                   | 20186 <--- 模型學習預測目標
' for'                         | 369   <--- 模型學習預測目標
' data'                        | 821   <--- 模型學習預測目標
' analysis'                    | 6358  <--- 模型學習預測目標
' and'                         | 323   <--- 模型學習預測目標
' machine'                     | 5662  <--- 模型學習預測目標
' learning'                    | 6832  <--- 模型學習預測目標
','                            | 11    <--- 模型學習預測目標
' and'                         | 323   <--- 模型學習預測目標
' is'                          | 374   <--- 模型學習預測目標
' ideal'                       | 10507 <--- 模型學習預測目標
' for'                         | 369   <--- 模型學習預測目標
' I'                           | 358   <--- 模型學習預測目標
'/O'                           | 17532 <--- 模型學習預測目標
'-bound'                       | 49862 <--- 模型學習預測目標
' programs'                    | 7468  <--- 模型學習預測目標
' and'                         | 323   <--- 模型學習預測目標
' rapid'                       | 11048 <--- 模型學習預測目標
' development'                 | 4401  <--- 模型學習預測目標
'.'                            | 13    <--- 模型學習預測目標
'<|im_end|>'                   | -100  (不計算 Loss)
'\n'                           | -100  (不計算 Loss)
'<|endoftext|>'                | -100  (不計算 Loss)
'<|endoftext|>'                | -100  (不計算 Loss)
'<|endoftext|>'                | -100  (不計算 Loss)
'<|endoftext|>'                | -100  (不計算 Loss)
'<|endoftext|>'                | -100  (不計算 Loss)
'<|endoftext|>'                | -100  (不計算 Loss)
'<|endoftext|>'                | -100  (不計算 Loss)
'<|endoftext|>'                | -100  (不計算 Loss)
'<|endoftext|>'                | -100  (不計算 Loss)
'<|endoftext|>'                | -100  (不計算 Loss)
'<|endoftext|>'                | -100  (不計算 Loss)
'<|endoftext|>'                | -100  (不計算 Loss)
'<|endoftext|>'                | -100  (不計算 Loss)
'<|endoftext|>'                | -100  (不計算 Loss)
'<|endoftext|>'                | -100  (不計算 Loss)
'<|endoftext|>'                | -100  (不計算 Loss)
'<|endoftext|>'                | -100  (不計算 Loss)
'<|endoftext|>'                | -100  (不計算 Loss)
'<|endoftext|>'                | -100  (不計算 Loss)
'<|endoftext|>'                | -100  (不計算 Loss)
'<|endoftext|>'                | -100  (不計算 Loss)
'<|endoftext|>'                | -100  (不計算 Loss)
'<|endoftext|>'                | -100  (不計算 Loss)
'<|endoftext|>'                | -100  (不計算 Loss)
'<|endoftext|>'                | -100  (不計算 Loss)
'<|endoftext|>'                | -100  (不計算 Loss)
'<|endoftext|>'                | -100  (不計算 Loss)
'<|endoftext|>'                | -100  (不計算 Loss)
'<|endoftext|>'                | -100  (不計算 Loss)
'<|endoftext|>'                | -100  (不計算 Loss)
'<|endoftext|>'                | -100  (不計算 Loss)
'<|endoftext|>'                | -100  (不計算 Loss)
'<|endoftext|>'                | -100  (不計算 Loss)
'<|endoftext|>'                | -100  (不計算 Loss)
'<|endoftext|>'                | -100  (不計算 Loss)
'<|endoftext|>'                | -100  (不計算 Loss)
'<|endoftext|>'                | -100  (不計算 Loss)
'<|endoftext|>'                | -100  (不計算 Loss)
'<|endoftext|>'                | -100  (不計算 Loss)
'<|endoftext|>'                | -100  (不計算 Loss)
'<|endoftext|>'                | -100  (不計算 Loss)
'<|endoftext|>'                | -100  (不計算 Loss)
'<|endoftext|>'                | -100  (不計算 Loss)
'<|endoftext|>'                | -100  (不計算 Loss)
'<|endoftext|>'                | -100  (不計算 Loss)
'<|endoftext|>'                | -100  (不計算 Loss)
'<|endoftext|>'                | -100  (不計算 Loss)
'<|endoftext|>'                | -100  (不計算 Loss)
'<|endoftext|>'                | -100  (不計算 Loss)
'<|endoftext|>'                | -100  (不計算 Loss)
'<|endoftext|>'                | -100  (不計算 Loss)
'<|endoftext|>'                | -100  (不計算 Loss)
'<|endoftext|>'                | -100  (不計算 Loss)
'<|endoftext|>'                | -100  (不計算 Loss)
'<|endoftext|>'                | -100  (不計算 Loss)
'<|endoftext|>'                | -100  (不計算 Loss)
'<|endoftext|>'                | -100  (不計算 Loss)
'<|endoftext|>'                | -100  (不計算 Loss)
'<|endoftext|>'                | -100  (不計算 Loss)
'<|endoftext|>'                | -100  (不計算 Loss)
'<|endoftext|>'                | -100  (不計算 Loss)
'<|endoftext|>'                | -100  (不計算 Loss)
'<|endoftext|>'                | -100  (不計算 Loss)
'<|endoftext|>'                | -100  (不計算 Loss)
'<|endoftext|>'                | -100  (不計算 Loss)
'<|endoftext|>'                | -100  (不計算 Loss)
'<|endoftext|>'                | -100  (不計算 Loss)
'<|endoftext|>'                | -100  (不計算 Loss)
'<|endoftext|>'                | -100  (不計算 Loss)
'<|endoftext|>'                | -100  (不計算 Loss)
'<|endoftext|>'                | -100  (不計算 Loss)
'<|endoftext|>'                | -100  (不計算 Loss)
'<|endoftext|>'                | -100  (不計算 Loss)
'<|endoftext|>'                | -100  (不計算 Loss)
'<|endoftext|>'                | -100  (不計算 Loss)
'<|endoftext|>'                | -100  (不計算 Loss)
'<|endoftext|>'                | -100  (不計算 Loss)
'<|endoftext|>'                | -100  (不計算 Loss)
'<|endoftext|>'                | -100  (不計算 Loss)
'<|endoftext|>'                | -100  (不計算 Loss)
'<|endoftext|>'                | -100  (不計算 Loss)
'<|endoftext|>'                | -100  (不計算 Loss)
'<|endoftext|>'                | -100  (不計算 Loss)
'<|endoftext|>'                | -100  (不計算 Loss)
'<|endoftext|>'                | -100  (不計算 Loss)
'<|endoftext|>'                | -100  (不計算 Loss)
'<|endoftext|>'                | -100  (不計算 Loss)
'<|endoftext|>'                | -100  (不計算 Loss)
'<|endoftext|>'                | -100  (不計算 Loss)
'<|endoftext|>'                | -100  (不計算 Loss)
'<|endoftext|>'                | -100  (不計算 Loss)
'<|endoftext|>'                | -100  (不計算 Loss)
'<|endoftext|>'                | -100  (不計算 Loss)
'<|endoftext|>'                | -100  (不計算 Loss)
'<|endoftext|>'                | -100  (不計算 Loss)
'<|endoftext|>'                | -100  (不計算 Loss)
'<|endoftext|>'                | -100  (不計算 Loss)
'<|endoftext|>'                | -100  (不計算 Loss)
'<|endoftext|>'                | -100  (不計算 Loss)
'<|endoftext|>'                | -100  (不計算 Loss)
'<|endoftext|>'                | -100  (不計算 Loss)
'<|endoftext|>'                | -100  (不計算 Loss)
'<|endoftext|>'                | -100  (不計算 Loss)
'<|endoftext|>'                | -100  (不計算 Loss)
'<|endoftext|>'                | -100  (不計算 Loss)
'<|endoftext|>'                | -100  (不計算 Loss)
'<|endoftext|>'                | -100  (不計算 Loss)
